<?xml version="1.0" encoding="UTF-8"?>
<testng-results ignored="0" total="1" passed="1" failed="0" skipped="0">
  <reporter-output>
  </reporter-output>
  <suite started-at="2023-05-12T01:02:28 IST" name="manipal testng suite" finished-at="2023-05-12T01:02:32 IST" duration-ms="3613">
    <groups>
    </groups>
    <test started-at="2023-05-12T01:02:28 IST" name="Functional  testing" finished-at="2023-05-12T01:02:32 IST" duration-ms="3613">
      <class name="org.example.launchchrome">
        <test-method signature="chrome()[pri:0, instance:org.example.launchchrome@78e117e3]" started-at="2023-05-12T01:02:28 IST" name="chrome" finished-at="2023-05-12T01:02:32 IST" duration-ms="3573" status="PASS">
          <reporter-output>
          </reporter-output>
        </test-method> <!-- chrome -->
      </class> <!-- org.example.launchchrome -->
    </test> <!-- Functional  testing -->
  </suite> <!-- manipal testng suite -->
</testng-results>
